0 info it worked if it ends with ok
1 verbose cli [ '/usr/local/bin/node',
1 verbose cli   '/usr/local/bin/npm',
1 verbose cli   'install',
1 verbose cli   'node@6.5.0',
1 verbose cli   '--save' ]
2 info using npm@1.4.28
3 info using node@v0.10.36
4 warn package.json boilerplate@1.0.0 No repository field.
5 warn package.json boilerplate@1.0.0 No README data
6 warn package.json axios@0.14.0 No README data
7 warn package.json node@0.0.0 No description
8 warn package.json node@0.0.0 No repository field.
9 warn package.json node@0.0.0 No README data
10 verbose readDependencies using package.json deps
11 verbose cache add [ 'node@6.5.0', null ]
12 verbose cache add name=undefined spec="node@6.5.0" args=["node@6.5.0",null]
13 verbose parsed url { protocol: null,
13 verbose parsed url   slashes: null,
13 verbose parsed url   auth: null,
13 verbose parsed url   host: null,
13 verbose parsed url   port: null,
13 verbose parsed url   hostname: null,
13 verbose parsed url   hash: null,
13 verbose parsed url   search: null,
13 verbose parsed url   query: null,
13 verbose parsed url   pathname: 'node@6.5.0',
13 verbose parsed url   path: 'node@6.5.0',
13 verbose parsed url   href: 'node@6.5.0' }
14 verbose cache add name="node" spec="6.5.0" args=["node","6.5.0"]
15 verbose parsed url { protocol: null,
15 verbose parsed url   slashes: null,
15 verbose parsed url   auth: null,
15 verbose parsed url   host: null,
15 verbose parsed url   port: null,
15 verbose parsed url   hostname: null,
15 verbose parsed url   hash: null,
15 verbose parsed url   search: null,
15 verbose parsed url   query: null,
15 verbose parsed url   pathname: '6.5.0',
15 verbose parsed url   path: '6.5.0',
15 verbose parsed url   href: '6.5.0' }
16 verbose addNamed [ 'node', '6.5.0' ]
17 verbose addNamed [ '6.5.0', '6.5.0' ]
18 silly lockFile b17e825b-node-6-5-0 node@6.5.0
19 verbose lock node@6.5.0 /Users/waynegreenough/.npm/b17e825b-node-6-5-0.lock
20 verbose request where is /node
21 verbose request registry https://registry.npmjs.org/
22 verbose request id 112c12fe9edf09bf
23 verbose url raw /node
24 verbose url resolving [ 'https://registry.npmjs.org/', './node' ]
25 verbose url resolved https://registry.npmjs.org/node
26 verbose request where is https://registry.npmjs.org/node
27 info trying registry request attempt 1 at 18:53:54
28 verbose etag "4RB0I162TMBFF7IWMPCBRMD3L"
29 http GET https://registry.npmjs.org/node
30 http 304 https://registry.npmjs.org/node
31 silly registry.get cb [ 304,
31 silly registry.get   { date: 'Mon, 29 Aug 2016 22:53:54 GMT',
31 silly registry.get     via: '1.1 varnish',
31 silly registry.get     'cache-control': 'max-age=300',
31 silly registry.get     etag: '"4RB0I162TMBFF7IWMPCBRMD3L"',
31 silly registry.get     age: '283',
31 silly registry.get     connection: 'keep-alive',
31 silly registry.get     'x-served-by': 'cache-atl6233-ATL',
31 silly registry.get     'x-cache': 'HIT',
31 silly registry.get     'x-cache-hits': '1',
31 silly registry.get     'x-timer': 'S1472511234.883188,VS0,VE0',
31 silly registry.get     vary: 'Accept-Encoding' } ]
32 verbose etag https://registry.npmjs.org/node from cache
33 silly lockFile b17e825b-node-6-5-0 node@6.5.0
34 silly lockFile b17e825b-node-6-5-0 node@6.5.0
35 error Error: version not found: node@6.5.0
35 error     at /usr/local/lib/node_modules/npm/lib/cache/add-named.js:125:12
35 error     at saved (/usr/local/lib/node_modules/npm/node_modules/npm-registry-client/lib/get.js:167:7)
35 error     at Object.oncomplete (fs.js:108:15)
36 error If you need help, you may report this *entire* log,
36 error including the npm and node versions, at:
36 error     <http://github.com/npm/npm/issues>
37 error System Darwin 15.6.0
38 error command "/usr/local/bin/node" "/usr/local/bin/npm" "install" "node@6.5.0" "--save"
39 error cwd /Users/waynegreenough/Desktop/ReactWeather
40 error node -v v0.10.36
41 error npm -v 1.4.28
42 verbose exit [ 1, true ]
